<?xml version="1.0" encoding="UTF-8"?>
<!-- Generated by org.testng.reporters.JUnitXMLReporter -->
<testsuite ignored="0" hostname="DESKTOP-HB6VBT5" failures="0" tests="3" name="Default test" time="0.063" errors="0" timestamp="2024-02-24T16:40:30 IST">
  <testcase classname="testng.Priority" name="chats" time="0.013"/>
  <testcase classname="testng.Priority" name="settings" time="0.001"/>
  <testcase classname="testng.Priority" name="tall" time="0.001"/>
</testsuite> <!-- Default test -->
