<?xml version="1.0" encoding="UTF-8"?>
<testng-results ignored="0" total="2" passed="2" failed="0" skipped="0">
  <reporter-output>
    <line>
      <![CDATA[Facebook – log in or sign up]]>
    </line>
    <line>
      <![CDATA[https://www.facebook.com/login/?privacy_mutation_token=eyJ0eXBlIjowLCJjcmVhdGlvbl90aW1lIjoxNzA4NzczNTIwLCJjYWxsc2l0ZV9pZCI6MzgxMjI5MDc5NTc1OTQ2fQ%3D%3D]]>
    </line>
    <line>
      <![CDATA[Facebook – log in or sign up]]>
    </line>
    <line>
      <![CDATA[https://www.facebook.com/]]>
    </line>
  </reporter-output>
  <suite started-at="2024-02-24T16:48:38 IST" name="Suite" finished-at="2024-02-24T16:48:53 IST" duration-ms="14766">
    <groups>
    </groups>
    <test started-at="2024-02-24T16:48:38 IST" name="Test" finished-at="2024-02-24T16:48:50 IST" duration-ms="11497">
      <class name="testng.CrossBrowserTesting">
        <test-method signature="parallel(java.lang.String)[pri:0, instance:testng.CrossBrowserTesting@618425b5]" started-at="2024-02-24T16:48:38 IST" name="parallel" finished-at="2024-02-24T16:48:50 IST" duration-ms="11450" status="PASS">
          <params>
            <param index="0">
              <value>
                <![CDATA[chrome]]>
              </value>
            </param>
          </params>
          <reporter-output>
            <line>
              <![CDATA[Facebook – log in or sign up]]>
            </line>
            <line>
              <![CDATA[https://www.facebook.com/login/?privacy_mutation_token=eyJ0eXBlIjowLCJjcmVhdGlvbl90aW1lIjoxNzA4NzczNTIwLCJjYWxsc2l0ZV9pZCI6MzgxMjI5MDc5NTc1OTQ2fQ%3D%3D]]>
            </line>
          </reporter-output>
        </test-method> <!-- parallel -->
      </class> <!-- testng.CrossBrowserTesting -->
    </test> <!-- Test -->
    <test started-at="2024-02-24T16:48:38 IST" name="Test1" finished-at="2024-02-24T16:48:53 IST" duration-ms="14766">
      <class name="testng.CrossBrowserTesting">
        <test-method signature="parallel(java.lang.String)[pri:0, instance:testng.CrossBrowserTesting@534a5a98]" started-at="2024-02-24T16:48:38 IST" name="parallel" finished-at="2024-02-24T16:48:53 IST" duration-ms="14727" status="PASS">
          <params>
            <param index="0">
              <value>
                <![CDATA[firefox]]>
              </value>
            </param>
          </params>
          <reporter-output>
            <line>
              <![CDATA[Facebook – log in or sign up]]>
            </line>
            <line>
              <![CDATA[https://www.facebook.com/]]>
            </line>
          </reporter-output>
        </test-method> <!-- parallel -->
      </class> <!-- testng.CrossBrowserTesting -->
    </test> <!-- Test1 -->
  </suite> <!-- Suite -->
</testng-results>
