<?xml version="1.0" encoding="UTF-8"?>
<!-- Generated by org.testng.reporters.JUnitReportReporter -->
<testsuite hostname="DESKTOP-HB6VBT5" failures="0" tests="1" name="testng.HardAssertion" time="9.610" errors="0" timestamp="2024-02-17T14:51:37 IST" skipped="0">
  <testcase classname="testng.HardAssertion" name="Login" time="9.610"/>
  <system-out>
    <![CDATA[Facebook – log in or sign up
https://www.facebook.com/login/?privacy_mutation_token=eyJ0eXBlIjowLCJjcmVhdGlvbl90aW1lIjoxNzA4MTYxNjYwLCJjYWxsc2l0ZV9pZCI6MzgxMjI5MDc5NTc1OTQ2fQ%3D%3D]]>
  </system-out>
</testsuite> <!-- testng.HardAssertion -->
